e:\new folder\d3d8-wrapper-d3d8-wrapper-v1.38\d3d8-wrapper-d3d8-wrapper-v1.38\build\obj\win32\debug\vc143.pdb
e:\new folder\d3d8-wrapper-d3d8-wrapper-v1.38\d3d8-wrapper-d3d8-wrapper-v1.38\build\obj\win32\debug\vc143.idb
e:\new folder\d3d8-wrapper-d3d8-wrapper-v1.38\d3d8-wrapper-d3d8-wrapper-v1.38\build\obj\win32\debug\dllmain.obj
e:\new folder\d3d8-wrapper-d3d8-wrapper-v1.38\d3d8-wrapper-d3d8-wrapper-v1.38\build\obj\win32\debug\interfacequery.obj
e:\new folder\d3d8-wrapper-d3d8-wrapper-v1.38\d3d8-wrapper-d3d8-wrapper-v1.38\build\obj\win32\debug\idirect3dvolumetexture8.obj
e:\new folder\d3d8-wrapper-d3d8-wrapper-v1.38\d3d8-wrapper-d3d8-wrapper-v1.38\build\obj\win32\debug\idirect3dvolume8.obj
e:\new folder\d3d8-wrapper-d3d8-wrapper-v1.38\d3d8-wrapper-d3d8-wrapper-v1.38\build\obj\win32\debug\idirect3dvertexbuffer8.obj
e:\new folder\d3d8-wrapper-d3d8-wrapper-v1.38\d3d8-wrapper-d3d8-wrapper-v1.38\build\obj\win32\debug\idirect3dtexture8.obj
e:\new folder\d3d8-wrapper-d3d8-wrapper-v1.38\d3d8-wrapper-d3d8-wrapper-v1.38\build\obj\win32\debug\idirect3dswapchain8.obj
e:\new folder\d3d8-wrapper-d3d8-wrapper-v1.38\d3d8-wrapper-d3d8-wrapper-v1.38\build\obj\win32\debug\idirect3dsurface8.obj
e:\new folder\d3d8-wrapper-d3d8-wrapper-v1.38\d3d8-wrapper-d3d8-wrapper-v1.38\build\obj\win32\debug\idirect3dindexbuffer8.obj
e:\new folder\d3d8-wrapper-d3d8-wrapper-v1.38\d3d8-wrapper-d3d8-wrapper-v1.38\build\obj\win32\debug\idirect3ddevice8.obj
e:\new folder\d3d8-wrapper-d3d8-wrapper-v1.38\d3d8-wrapper-d3d8-wrapper-v1.38\build\obj\win32\debug\idirect3dcubetexture8.obj
e:\new folder\d3d8-wrapper-d3d8-wrapper-v1.38\d3d8-wrapper-d3d8-wrapper-v1.38\build\obj\win32\debug\idirect3d8.obj
e:\new folder\d3d8-wrapper-d3d8-wrapper-v1.38\d3d8-wrapper-d3d8-wrapper-v1.38\data\d3d8.dll
e:\new folder\d3d8-wrapper-d3d8-wrapper-v1.38\d3d8-wrapper-d3d8-wrapper-v1.38\data\d3d8.pdb
e:\new folder\d3d8-wrapper-d3d8-wrapper-v1.38\d3d8-wrapper-d3d8-wrapper-v1.38\build\obj\win32\debug\versioninfo.res
e:\new folder\d3d8-wrapper-d3d8-wrapper-v1.38\d3d8-wrapper-d3d8-wrapper-v1.38\data\d3d8.lib
e:\new folder\d3d8-wrapper-d3d8-wrapper-v1.38\d3d8-wrapper-d3d8-wrapper-v1.38\data\d3d8.exp
e:\new folder\d3d8-wrapper-d3d8-wrapper-v1.38\d3d8-wrapper-d3d8-wrapper-v1.38\build\obj\win32\debug\d3d8.ilk
e:\new folder\d3d8-wrapper-d3d8-wrapper-v1.38\d3d8-wrapper-d3d8-wrapper-v1.38\build\obj\win32\debug\d3d8-wrapper.tlog\cl.command.1.tlog
e:\new folder\d3d8-wrapper-d3d8-wrapper-v1.38\d3d8-wrapper-d3d8-wrapper-v1.38\build\obj\win32\debug\d3d8-wrapper.tlog\cl.items.tlog
e:\new folder\d3d8-wrapper-d3d8-wrapper-v1.38\d3d8-wrapper-d3d8-wrapper-v1.38\build\obj\win32\debug\d3d8-wrapper.tlog\cl.read.1.tlog
e:\new folder\d3d8-wrapper-d3d8-wrapper-v1.38\d3d8-wrapper-d3d8-wrapper-v1.38\build\obj\win32\debug\d3d8-wrapper.tlog\cl.write.1.tlog
e:\new folder\d3d8-wrapper-d3d8-wrapper-v1.38\d3d8-wrapper-d3d8-wrapper-v1.38\build\obj\win32\debug\d3d8-wrapper.tlog\link.command.1.tlog
e:\new folder\d3d8-wrapper-d3d8-wrapper-v1.38\d3d8-wrapper-d3d8-wrapper-v1.38\build\obj\win32\debug\d3d8-wrapper.tlog\link.read.1.tlog
e:\new folder\d3d8-wrapper-d3d8-wrapper-v1.38\d3d8-wrapper-d3d8-wrapper-v1.38\build\obj\win32\debug\d3d8-wrapper.tlog\link.secondary.1.tlog
e:\new folder\d3d8-wrapper-d3d8-wrapper-v1.38\d3d8-wrapper-d3d8-wrapper-v1.38\build\obj\win32\debug\d3d8-wrapper.tlog\link.write.1.tlog
e:\new folder\d3d8-wrapper-d3d8-wrapper-v1.38\d3d8-wrapper-d3d8-wrapper-v1.38\build\obj\win32\debug\d3d8-wrapper.tlog\rc.command.1.tlog
e:\new folder\d3d8-wrapper-d3d8-wrapper-v1.38\d3d8-wrapper-d3d8-wrapper-v1.38\build\obj\win32\debug\d3d8-wrapper.tlog\rc.read.1.tlog
e:\new folder\d3d8-wrapper-d3d8-wrapper-v1.38\d3d8-wrapper-d3d8-wrapper-v1.38\build\obj\win32\debug\d3d8-wrapper.tlog\rc.write.1.tlog
